<?xml version="1.0" encoding="UTF-8"?>
<Site BuildName="Win32-mingw32-make"
	BuildStamp="20211201-0936-Experimental"
	Name="LAPTOP-AHUN8AVM"
	Generator="ctest-3.21.3"
	CompilerName="C:/MingW/bin/x86_64-w64-mingw32-g++.exe"
	CompilerVersion="8.1.0"
	OSName="Windows"
	Hostname="LAPTOP-AHUN8AVM"
	OSRelease=" Personal"
	OSVersion=" (Build 19042)"
	OSPlatform="AMD64"
	Is64Bits="1"
	VendorString="AuthenticAMD"
	VendorID="Advanced Micro Devices"
	FamilyID="15"
	ModelID="0"
	ProcessorCacheSize="64"
	NumberOfLogicalCPU="16"
	NumberOfPhysicalCPU="8"
	TotalVirtualMemory="16364"
	TotalPhysicalMemory="14188"
	LogicalProcessorsPerPhysical="2"
	ProcessorClockFrequency="3193"
	>
	<Testing>
		<StartDateTime>Dec 01 11:12 Rom, normaltid</StartDateTime>
		<StartTestTime>1638353549</StartTestTime>
		<TestList>
			<Test>./tests/usage_test</Test>
		</TestList>
		<Test Status="passed">
			<Name>usage_test</Name>
			<Path>./tests</Path>
			<FullName>./tests/usage_test</FullName>
			<FullCommandLine>C:\Users\frede\OneDrive\Skrivebord\Programmering\Afleveringsbeskrivelse\assignment-12-Frederikl99\build\tests\tests.exe</FullCommandLine>
			<Results>
				<NamedMeasurement type="numeric/double" name="Execution Time">
					<Value>0.0721182</Value>
				</NamedMeasurement>
				<NamedMeasurement type="numeric/double" name="Processors">
					<Value>1</Value>
				</NamedMeasurement>
				<NamedMeasurement type="text/string" name="Completion Status">
					<Value>Completed</Value>
				</NamedMeasurement>
				<NamedMeasurement type="text/string" name="Command Line">
					<Value>C:\Users\frede\OneDrive\Skrivebord\Programmering\Afleveringsbeskrivelse\assignment-12-Frederikl99\build\tests\tests.exe</Value>
				</NamedMeasurement>
				<NamedMeasurement type="text/string" name="Environment">
					<Value>#CTEST_RESOURCE_GROUP_COUNT=</Value>
				</NamedMeasurement>
				<Measurement>
					<Value encoding="base64" compression="gzip">eJyztaUq4HLMyVEoSS0uKVYoSCwuTk1R0DA0VACxikoy8/OKFTLzFEzAChSSE4tTizW5uABvMiOW====</Value>
				</Measurement>
			</Results>
		</Test>
		<EndDateTime>Dec 01 11:12 Rom, normaltid</EndDateTime>
		<EndTestTime>1638353549</EndTestTime>
		<ElapsedMinutes>0</ElapsedMinutes>
	</Testing>
</Site>
