Start testing: Nov 25 15:41 Rom, normaltid
----------------------------------------------------------
1/1 Testing: usage_test
1/1 Test: usage_test
Command: "C:/Users/frede/OneDrive/Skrivebord/Programmering/Afleveringsbeskrivelse/assignment-12-Frederikl99/build/tests/tests.exe"
Directory: C:/Users/frede/OneDrive/Skrivebord/Programmering/Afleveringsbeskrivelse/assignment-12-Frederikl99/build/tests
"usage_test" start time: Nov 25 15:41 Rom, normaltid
Output:
----------------------------------------------------------
===============================================================================
All tests passed (10 assertions in 3 test cases)

<end of output>
Test time =   0.03 sec
----------------------------------------------------------
Test Passed.
"usage_test" end time: Nov 25 15:41 Rom, normaltid
"usage_test" time elapsed: 00:00:00
----------------------------------------------------------

End testing: Nov 25 15:41 Rom, normaltid
